  Building Custom Rule D:/EFF/ThirdPartyLib/protobuf-3.3.0/cmake/CMakeLists.txt
  CMake does not need to re-run because D:/EFF/ThirdPartyLib/protobuf-3.3.0/cmake/build/CMakeFiles/generate.stamp is up-to-date.
  arena.cc
  arenastring.cc
  extension_set.cc
  generated_message_util.cc
  coded_stream.cc
  zero_copy_stream.cc
  zero_copy_stream_impl_lite.cc
  message_lite.cc
  repeated_field.cc
  atomicops_internals_x86_gcc.cc
  atomicops_internals_x86_msvc.cc
  bytestream.cc
  common.cc
  int128.cc
  once.cc
  status.cc
  statusor.cc
  stringpiece.cc
  stringprintf.cc
  structurally_valid.cc
  strutil.cc
  time.cc
  wire_format_lite.cc
  any.cc
  any.pb.cc
  api.pb.cc
  importer.cc
  parser.cc
  descriptor.cc
  descriptor.pb.cc
  descriptor_database.cc
  duration.pb.cc
  dynamic_message.cc
  empty.pb.cc
  extension_set_heavy.cc
  field_mask.pb.cc
  generated_message_reflection.cc
  generated_message_table_driven.cc
  gzip_stream.cc
  printer.cc
  strtod.cc
  tokenizer.cc
  zero_copy_stream_impl.cc
  map_field.cc
D:\EFF\ThirdPartyLib\protobuf-3.3.0\src\google\protobuf\generated_message_reflection.cc(1998): warning C4065: switch 语句包含“default”但是未包含“case”标签
  message.cc
  reflection_ops.cc
  service.cc
D:\EFF\ThirdPartyLib\protobuf-3.3.0\src\google\protobuf\generated_message_reflection.cc(2356): warning C4506: 内联函数“google::protobuf::Message *google::protobuf::internal::GenericTypeHandler<google::protobuf::Message>::NewFromPrototype(const GenericType *,google::protobuf::Arena *)”没有定义
          with
          [
              GenericType=google::protobuf::Message
          ]
D:\EFF\ThirdPartyLib\protobuf-3.3.0\src\google\protobuf\generated_message_reflection.cc(2356): warning C4506: 内联函数“google::protobuf::Arena *google::protobuf::internal::GenericTypeHandler<google::protobuf::Message>::GetArena(GenericType *)”没有定义
          with
          [
              GenericType=google::protobuf::Message
          ]
D:\EFF\ThirdPartyLib\protobuf-3.3.0\src\google\protobuf\generated_message_reflection.cc(2356): warning C4506: 内联函数“void *google::protobuf::internal::GenericTypeHandler<google::protobuf::Message>::GetMaybeArenaPointer(GenericType *)”没有定义
          with
          [
              GenericType=google::protobuf::Message
          ]
  source_context.pb.cc
  struct.pb.cc
  mathlimits.cc
  substitute.cc
D:\EFF\ThirdPartyLib\protobuf-3.3.0\src\google\protobuf\map_field.cc(455): warning C4506: 内联函数“google::protobuf::Message *google::protobuf::internal::GenericTypeHandler<google::protobuf::Message>::NewFromPrototype(const GenericType *,google::protobuf::Arena *)”没有定义
          with
          [
              GenericType=google::protobuf::Message
          ]
D:\EFF\ThirdPartyLib\protobuf-3.3.0\src\google\protobuf\map_field.cc(455): warning C4506: 内联函数“google::protobuf::Arena *google::protobuf::internal::GenericTypeHandler<google::protobuf::Message>::GetArena(GenericType *)”没有定义
          with
          [
              GenericType=google::protobuf::Message
          ]
D:\EFF\ThirdPartyLib\protobuf-3.3.0\src\google\protobuf\map_field.cc(455): warning C4506: 内联函数“void *google::protobuf::internal::GenericTypeHandler<google::protobuf::Message>::GetMaybeArenaPointer(GenericType *)”没有定义
          with
          [
              GenericType=google::protobuf::Message
          ]
  text_format.cc
  timestamp.pb.cc
D:\EFF\ThirdPartyLib\protobuf-3.3.0\src\google\protobuf\struct.pb.cc(90): warning C4838: 从“int”转换到“const google::protobuf::uint32”需要收缩转换
  type.pb.cc
  unknown_field_set.cc
  delimited_message_util.cc
  field_comparator.cc
  field_mask_util.cc
  datapiece.cc
  default_value_objectwriter.cc
  error_listener.cc
  field_mask_utility.cc
  json_escaping.cc
  json_objectwriter.cc
  json_stream_parser.cc
  object_writer.cc
  proto_writer.cc
  protostream_objectsource.cc
  protostream_objectwriter.cc
  type_info.cc
  type_info_test_helper.cc
  utility.cc
  json_util.cc
  message_differencer.cc
  time_util.cc
  type_resolver_util.cc
  wire_format.cc
  wrappers.pb.cc
error_listener.obj : warning LNK4221: 此对象文件未定义任何之前未定义的公共符号，因此任何耗用此库的链接操作都不会使用此文件
atomicops_internals_x86_gcc.obj : warning LNK4221: 此对象文件未定义任何之前未定义的公共符号，因此任何耗用此库的链接操作都不会使用此文件
arenastring.obj : warning LNK4221: 此对象文件未定义任何之前未定义的公共符号，因此任何耗用此库的链接操作都不会使用此文件
  libprotobuf.vcxproj -> D:\EFF\ThirdPartyLib\protobuf-3.3.0\cmake\build\Debug\libprotobufd.lib
