生成启动时间为 2012/10/12 23:58:16。
     1>项目“D:\EFF\trunk\EFFEngine\Lib\zeromq-3.2.0\builds\msvc\libzmq\libzmq.vcxproj”在节点 2 上(build 个目标)。
     1>PrepareForBuild:
         正在创建目录“D:\EFF\trunk\EFFEngine\Lib\zeromq-3.2.0\builds\msvc\libzmq\../../../bin/Win32/”。
       InitializeBuildStatus:
         正在创建“D:\EFF\trunk\EFFEngine\Lib\zeromq-3.2.0\builds\msvc\libzmq\../../../obj/Win32/Debug/libzmq/libzmq.unsuccessfulbuild”，因为已指定“AlwaysCreate”。
       PreBuildEvent:
         copy ..\platform.hpp ..\..\..\src
         :VCEnd
         已复制         1 个文件。
       ClCompile:
         d:\Program Files\Microsoft Visual Studio 10.0\VC\bin\CL.exe /c /Zi /nologo /W3 /WX- /MP /Od /Oy- /D _DEBUG /D WIN32 /D _CRT_SECURE_NO_WARNINGS /D DLL_EXPORT /D FD_SETSIZE=1024 /D _WINDOWS /D _USRDLL /D _BIND_TO_CURRENT_VCLIBS_VERSION=1 /D _WINDLL /D _MBCS /Gm- /EHsc /RTC1 /MDd /GS /fp:precise /Zc:wchar_t /Zc:forScope /Yc"precompiled.hpp" /Fp"D:\EFF\trunk\EFFEngine\Lib\zeromq-3.2.0\builds\msvc\libzmq\../../../obj/Win32/Debug/libzmq/libzmq_d.pch" /Fo"D:\EFF\trunk\EFFEngine\Lib\zeromq-3.2.0\builds\msvc\libzmq\../../../obj/Win32/Debug/libzmq/" /Fd"D:\EFF\trunk\EFFEngine\Lib\zeromq-3.2.0\builds\msvc\libzmq\../../../obj/Win32/Debug/libzmq/vc100.pdb" /Gd /TP /wd4355 /FIprecompiled.hpp /analyze- /errorReport:prompt ..\..\..\src\precompiled.cpp
         precompiled.cpp
         d:\Program Files\Microsoft Visual Studio 10.0\VC\bin\CL.exe /c /Zi /nologo /W3 /WX- /MP /Od /Oy- /D _DEBUG /D WIN32 /D _CRT_SECURE_NO_WARNINGS /D DLL_EXPORT /D FD_SETSIZE=1024 /D _WINDOWS /D _USRDLL /D _BIND_TO_CURRENT_VCLIBS_VERSION=1 /D _WINDLL /D _MBCS /Gm- /EHsc /RTC1 /MDd /GS /fp:precise /Zc:wchar_t /Zc:forScope /Yu"precompiled.hpp" /Fp"D:\EFF\trunk\EFFEngine\Lib\zeromq-3.2.0\builds\msvc\libzmq\../../../obj/Win32/Debug/libzmq/libzmq_d.pch" /Fo"D:\EFF\trunk\EFFEngine\Lib\zeromq-3.2.0\builds\msvc\libzmq\../../../obj/Win32/Debug/libzmq/" /Fd"D:\EFF\trunk\EFFEngine\Lib\zeromq-3.2.0\builds\msvc\libzmq\../../../obj/Win32/Debug/libzmq/vc100.pdb" /Gd /TP /wd4355 /FIprecompiled.hpp /analyze- /errorReport:prompt ..\..\..\src\address.cpp ..\..\..\src\clock.cpp ..\..\..\src\ctx.cpp ..\..\..\src\dealer.cpp ..\..\..\src\decoder.cpp ..\..\..\src\device.cpp ..\..\..\src\devpoll.cpp ..\..\..\src\dist.cpp ..\..\..\src\encoder.cpp ..\..\..\src\epoll.cpp ..\..\..\src\err.cpp ..\..\..\src\fq.cpp ..\..\..\src\io_object.cpp ..\..\..\src\io_thread.cpp ..\..\..\src\ip.cpp ..\..\..\src\ipc_address.cpp ..\..\..\src\ipc_connecter.cpp ..\..\..\src\ipc_listener.cpp ..\..\..\src\kqueue.cpp ..\..\..\src\lb.cpp ..\..\..\src\mailbox.cpp ..\..\..\src\msg.cpp ..\..\..\src\mtrie.cpp ..\..\..\src\object.cpp ..\..\..\src\options.cpp ..\..\..\src\own.cpp ..\..\..\src\pair.cpp ..\..\..\src\pgm_receiver.cpp ..\..\..\src\pgm_sender.cpp ..\..\..\src\pgm_socket.cpp ..\..\..\src\pipe.cpp ..\..\..\src\poll.cpp ..\..\..\src\poller_base.cpp ..\..\..\src\pub.cpp ..\..\..\src\pull.cpp ..\..\..\src\push.cpp ..\..\..\src\random.cpp ..\..\..\src\reaper.cpp ..\..\..\src\rep.cpp ..\..\..\src\req.cpp ..\..\..\src\router.cpp ..\..\..\src\select.cpp ..\..\..\src\session_base.cpp ..\..\..\src\signaler.cpp ..\..\..\src\socket_base.cpp ..\..\..\src\stream_engine.cpp ..\..\..\src\sub.cpp ..\..\..\src\tcp_address.cpp ..\..\..\src\tcp_connecter.cpp ..\..\..\src\tcp_listener.cpp ..\..\..\src\thread.cpp ..\..\..\src\trie.cpp ..\..\..\src\xpub.cpp ..\..\..\src\xsub.cpp ..\..\..\src\zmq.cpp ..\..\..\src\zmq_utils.cpp
         address.cpp
         clock.cpp
         ctx.cpp
         dealer.cpp
         decoder.cpp
         device.cpp
         devpoll.cpp
         dist.cpp
         encoder.cpp
         epoll.cpp
         err.cpp
         fq.cpp
         io_object.cpp
         io_thread.cpp
         ip.cpp
         ipc_address.cpp
         ipc_connecter.cpp
         ipc_listener.cpp
         kqueue.cpp
         lb.cpp
         mailbox.cpp
         msg.cpp
         mtrie.cpp
         object.cpp
         options.cpp
         own.cpp
         pair.cpp
         pgm_receiver.cpp
         pgm_sender.cpp
         pgm_socket.cpp
         pipe.cpp
         poll.cpp
         poller_base.cpp
         pub.cpp
         pull.cpp
         push.cpp
         random.cpp
         reaper.cpp
         rep.cpp
         req.cpp
         router.cpp
         select.cpp
         session_base.cpp
         signaler.cpp
     1>..\..\..\src\router.cpp(85): warning C4800: “const int”: 将值强制为布尔值“true”或“false”(性能警告)
         socket_base.cpp
         stream_engine.cpp
         sub.cpp
         tcp_address.cpp
         tcp_connecter.cpp
         tcp_listener.cpp
         thread.cpp
         trie.cpp
         xpub.cpp
         xsub.cpp
         zmq.cpp
         zmq_utils.cpp
       MakeDirsForLink:
         正在创建目录“D:\EFF\trunk\EFFEngine\Lib\zeromq-3.2.0\lib\Win32\”。
       Link:
         d:\Program Files\Microsoft Visual Studio 10.0\VC\bin\link.exe /ERRORREPORT:PROMPT /OUT:"D:\EFF\trunk\EFFEngine\Lib\zeromq-3.2.0\builds\msvc\libzmq\../../../bin/Win32/libzmq_d.dll" /INCREMENTAL:NO /NOLOGO /LIBPATH:"D:\EFF\trunk\EFFEngine\Lib\zeromq-3.2.0\bin\Win32\../../lib/Win32" Ws2_32.lib Rpcrt4.lib kernel32.lib user32.lib gdi32.lib winspool.lib comdlg32.lib advapi32.lib shell32.lib ole32.lib oleaut32.lib uuid.lib odbc32.lib odbccp32.lib /MANIFEST /ManifestFile:"D:\EFF\trunk\EFFEngine\Lib\zeromq-3.2.0\builds\msvc\libzmq\../../../obj/Win32/Debug/libzmq/libzmq_d.dll.intermediate.manifest" /MANIFESTUAC:"level='asInvoker' uiAccess='false'" /DEBUG /PDB:"D:\EFF\trunk\EFFEngine\Lib\zeromq-3.2.0\bin\Win32\libzmq_d.pdb" /SUBSYSTEM:WINDOWS /TLBID:1 /DYNAMICBASE /NXCOMPAT /IMPLIB:"D:\EFF\trunk\EFFEngine\Lib\zeromq-3.2.0\bin\Win32\../../lib/Win32/libzmq_d.lib" /MACHINE:X86 /DLL "D:\EFF\trunk\EFFEngine\Lib\zeromq-3.2.0\builds\msvc\libzmq\../../../obj/Win32/Debug/libzmq/address.obj"
         "D:\EFF\trunk\EFFEngine\Lib\zeromq-3.2.0\builds\msvc\libzmq\../../../obj/Win32/Debug/libzmq/clock.obj"
         "D:\EFF\trunk\EFFEngine\Lib\zeromq-3.2.0\builds\msvc\libzmq\../../../obj/Win32/Debug/libzmq/ctx.obj"
         "D:\EFF\trunk\EFFEngine\Lib\zeromq-3.2.0\builds\msvc\libzmq\../../../obj/Win32/Debug/libzmq/dealer.obj"
         "D:\EFF\trunk\EFFEngine\Lib\zeromq-3.2.0\builds\msvc\libzmq\../../../obj/Win32/Debug/libzmq/decoder.obj"
         "D:\EFF\trunk\EFFEngine\Lib\zeromq-3.2.0\builds\msvc\libzmq\../../../obj/Win32/Debug/libzmq/device.obj"
         "D:\EFF\trunk\EFFEngine\Lib\zeromq-3.2.0\builds\msvc\libzmq\../../../obj/Win32/Debug/libzmq/devpoll.obj"
         "D:\EFF\trunk\EFFEngine\Lib\zeromq-3.2.0\builds\msvc\libzmq\../../../obj/Win32/Debug/libzmq/dist.obj"
         "D:\EFF\trunk\EFFEngine\Lib\zeromq-3.2.0\builds\msvc\libzmq\../../../obj/Win32/Debug/libzmq/encoder.obj"
         "D:\EFF\trunk\EFFEngine\Lib\zeromq-3.2.0\builds\msvc\libzmq\../../../obj/Win32/Debug/libzmq/epoll.obj"
         "D:\EFF\trunk\EFFEngine\Lib\zeromq-3.2.0\builds\msvc\libzmq\../../../obj/Win32/Debug/libzmq/err.obj"
         "D:\EFF\trunk\EFFEngine\Lib\zeromq-3.2.0\builds\msvc\libzmq\../../../obj/Win32/Debug/libzmq/fq.obj"
         "D:\EFF\trunk\EFFEngine\Lib\zeromq-3.2.0\builds\msvc\libzmq\../../../obj/Win32/Debug/libzmq/io_object.obj"
         "D:\EFF\trunk\EFFEngine\Lib\zeromq-3.2.0\builds\msvc\libzmq\../../../obj/Win32/Debug/libzmq/io_thread.obj"
         "D:\EFF\trunk\EFFEngine\Lib\zeromq-3.2.0\builds\msvc\libzmq\../../../obj/Win32/Debug/libzmq/ip.obj"
         "D:\EFF\trunk\EFFEngine\Lib\zeromq-3.2.0\builds\msvc\libzmq\../../../obj/Win32/Debug/libzmq/ipc_address.obj"
         "D:\EFF\trunk\EFFEngine\Lib\zeromq-3.2.0\builds\msvc\libzmq\../../../obj/Win32/Debug/libzmq/ipc_connecter.obj"
         "D:\EFF\trunk\EFFEngine\Lib\zeromq-3.2.0\builds\msvc\libzmq\../../../obj/Win32/Debug/libzmq/ipc_listener.obj"
         "D:\EFF\trunk\EFFEngine\Lib\zeromq-3.2.0\builds\msvc\libzmq\../../../obj/Win32/Debug/libzmq/kqueue.obj"
         "D:\EFF\trunk\EFFEngine\Lib\zeromq-3.2.0\builds\msvc\libzmq\../../../obj/Win32/Debug/libzmq/lb.obj"
         "D:\EFF\trunk\EFFEngine\Lib\zeromq-3.2.0\builds\msvc\libzmq\../../../obj/Win32/Debug/libzmq/mailbox.obj"
         "D:\EFF\trunk\EFFEngine\Lib\zeromq-3.2.0\builds\msvc\libzmq\../../../obj/Win32/Debug/libzmq/msg.obj"
         "D:\EFF\trunk\EFFEngine\Lib\zeromq-3.2.0\builds\msvc\libzmq\../../../obj/Win32/Debug/libzmq/mtrie.obj"
         "D:\EFF\trunk\EFFEngine\Lib\zeromq-3.2.0\builds\msvc\libzmq\../../../obj/Win32/Debug/libzmq/object.obj"
         "D:\EFF\trunk\EFFEngine\Lib\zeromq-3.2.0\builds\msvc\libzmq\../../../obj/Win32/Debug/libzmq/options.obj"
         "D:\EFF\trunk\EFFEngine\Lib\zeromq-3.2.0\builds\msvc\libzmq\../../../obj/Win32/Debug/libzmq/own.obj"
         "D:\EFF\trunk\EFFEngine\Lib\zeromq-3.2.0\builds\msvc\libzmq\../../../obj/Win32/Debug/libzmq/pair.obj"
         "D:\EFF\trunk\EFFEngine\Lib\zeromq-3.2.0\builds\msvc\libzmq\../../../obj/Win32/Debug/libzmq/pgm_receiver.obj"
         "D:\EFF\trunk\EFFEngine\Lib\zeromq-3.2.0\builds\msvc\libzmq\../../../obj/Win32/Debug/libzmq/pgm_sender.obj"
         "D:\EFF\trunk\EFFEngine\Lib\zeromq-3.2.0\builds\msvc\libzmq\../../../obj/Win32/Debug/libzmq/pgm_socket.obj"
         "D:\EFF\trunk\EFFEngine\Lib\zeromq-3.2.0\builds\msvc\libzmq\../../../obj/Win32/Debug/libzmq/pipe.obj"
         "D:\EFF\trunk\EFFEngine\Lib\zeromq-3.2.0\builds\msvc\libzmq\../../../obj/Win32/Debug/libzmq/poll.obj"
         "D:\EFF\trunk\EFFEngine\Lib\zeromq-3.2.0\builds\msvc\libzmq\../../../obj/Win32/Debug/libzmq/poller_base.obj"
         "D:\EFF\trunk\EFFEngine\Lib\zeromq-3.2.0\builds\msvc\libzmq\../../../obj/Win32/Debug/libzmq/precompiled.obj"
         "D:\EFF\trunk\EFFEngine\Lib\zeromq-3.2.0\builds\msvc\libzmq\../../../obj/Win32/Debug/libzmq/pub.obj"
         "D:\EFF\trunk\EFFEngine\Lib\zeromq-3.2.0\builds\msvc\libzmq\../../../obj/Win32/Debug/libzmq/pull.obj"
         "D:\EFF\trunk\EFFEngine\Lib\zeromq-3.2.0\builds\msvc\libzmq\../../../obj/Win32/Debug/libzmq/push.obj"
         "D:\EFF\trunk\EFFEngine\Lib\zeromq-3.2.0\builds\msvc\libzmq\../../../obj/Win32/Debug/libzmq/random.obj"
         "D:\EFF\trunk\EFFEngine\Lib\zeromq-3.2.0\builds\msvc\libzmq\../../../obj/Win32/Debug/libzmq/reaper.obj"
         "D:\EFF\trunk\EFFEngine\Lib\zeromq-3.2.0\builds\msvc\libzmq\../../../obj/Win32/Debug/libzmq/rep.obj"
         "D:\EFF\trunk\EFFEngine\Lib\zeromq-3.2.0\builds\msvc\libzmq\../../../obj/Win32/Debug/libzmq/req.obj"
         "D:\EFF\trunk\EFFEngine\Lib\zeromq-3.2.0\builds\msvc\libzmq\../../../obj/Win32/Debug/libzmq/router.obj"
         "D:\EFF\trunk\EFFEngine\Lib\zeromq-3.2.0\builds\msvc\libzmq\../../../obj/Win32/Debug/libzmq/select.obj"
         "D:\EFF\trunk\EFFEngine\Lib\zeromq-3.2.0\builds\msvc\libzmq\../../../obj/Win32/Debug/libzmq/session_base.obj"
         "D:\EFF\trunk\EFFEngine\Lib\zeromq-3.2.0\builds\msvc\libzmq\../../../obj/Win32/Debug/libzmq/signaler.obj"
         "D:\EFF\trunk\EFFEngine\Lib\zeromq-3.2.0\builds\msvc\libzmq\../../../obj/Win32/Debug/libzmq/socket_base.obj"
         "D:\EFF\trunk\EFFEngine\Lib\zeromq-3.2.0\builds\msvc\libzmq\../../../obj/Win32/Debug/libzmq/stream_engine.obj"
         "D:\EFF\trunk\EFFEngine\Lib\zeromq-3.2.0\builds\msvc\libzmq\../../../obj/Win32/Debug/libzmq/sub.obj"
         "D:\EFF\trunk\EFFEngine\Lib\zeromq-3.2.0\builds\msvc\libzmq\../../../obj/Win32/Debug/libzmq/tcp_address.obj"
         "D:\EFF\trunk\EFFEngine\Lib\zeromq-3.2.0\builds\msvc\libzmq\../../../obj/Win32/Debug/libzmq/tcp_connecter.obj"
         "D:\EFF\trunk\EFFEngine\Lib\zeromq-3.2.0\builds\msvc\libzmq\../../../obj/Win32/Debug/libzmq/tcp_listener.obj"
         "D:\EFF\trunk\EFFEngine\Lib\zeromq-3.2.0\builds\msvc\libzmq\../../../obj/Win32/Debug/libzmq/thread.obj"
         "D:\EFF\trunk\EFFEngine\Lib\zeromq-3.2.0\builds\msvc\libzmq\../../../obj/Win32/Debug/libzmq/trie.obj"
         "D:\EFF\trunk\EFFEngine\Lib\zeromq-3.2.0\builds\msvc\libzmq\../../../obj/Win32/Debug/libzmq/xpub.obj"
         "D:\EFF\trunk\EFFEngine\Lib\zeromq-3.2.0\builds\msvc\libzmq\../../../obj/Win32/Debug/libzmq/xsub.obj"
         "D:\EFF\trunk\EFFEngine\Lib\zeromq-3.2.0\builds\msvc\libzmq\../../../obj/Win32/Debug/libzmq/zmq.obj"
         "D:\EFF\trunk\EFFEngine\Lib\zeromq-3.2.0\builds\msvc\libzmq\../../../obj/Win32/Debug/libzmq/zmq_utils.obj"
            正在创建库 D:\EFF\trunk\EFFEngine\Lib\zeromq-3.2.0\bin\Win32\../../lib/Win32/libzmq_d.lib 和对象 D:\EFF\trunk\EFFEngine\Lib\zeromq-3.2.0\bin\Win32\../../lib/Win32/libzmq_d.exp
         libzmq.vcxproj -> D:\EFF\trunk\EFFEngine\Lib\zeromq-3.2.0\builds\msvc\libzmq\../../../bin/Win32/libzmq_d.dll
       Manifest:
         C:\Program Files (x86)\Microsoft SDKs\Windows\v7.0A\bin\mt.exe /nologo /verbose /outputresource:"D:\EFF\trunk\EFFEngine\Lib\zeromq-3.2.0\builds\msvc\libzmq\../../../bin/Win32/libzmq_d.dll;#2" /manifest "D:\EFF\trunk\EFFEngine\Lib\zeromq-3.2.0\builds\msvc\libzmq\../../../obj/Win32/Debug/libzmq/libzmq_d.dll.intermediate.manifest"
       FinalizeBuildStatus:
         正在删除文件“D:\EFF\trunk\EFFEngine\Lib\zeromq-3.2.0\builds\msvc\libzmq\../../../obj/Win32/Debug/libzmq/libzmq.unsuccessfulbuild”。
         正在对“D:\EFF\trunk\EFFEngine\Lib\zeromq-3.2.0\builds\msvc\libzmq\../../../obj/Win32/Debug/libzmq/libzmq.lastbuildstate”执行 Touch 任务。
     1>已完成生成项目“D:\EFF\trunk\EFFEngine\Lib\zeromq-3.2.0\builds\msvc\libzmq\libzmq.vcxproj”(build 个目标)的操作。

生成成功。

已用时间 00:00:01.66
